<?xml version="1.0" encoding="UTF-8"?>
<!-- Generated by org.testng.reporters.JUnitReportReporter -->
<testsuite skipped="0" hostname="DESKTOP-BV32THN" name="TestNg.sample.A" tests="1" failures="0" timestamp="15 Sep 2019 15:58:53 GMT" time="17.962" errors="0">
  <testcase name="tcs1" time="17.962" classname="TestNg.sample.A"/>
</testsuite> <!-- TestNg.sample.A -->
